已經開始建置於 2017/3/26 下午 10:11:56。
     1>節點 2 (Build 目標) 上的專案 "C:\Users\user\Desktop\雜項\作業\成圖\中興logo\NCHU\NCHU.vcxproj"。
     1>ClCompile:
         C:\Program Files (x86)\Microsoft Visual Studio 12.0\VC\bin\CL.exe /c /I"C:\Users\user\Desktop\雜項\作業\成圖\中興logo\include" /ZI /nologo /W3 /WX- /sdl /Od /Oy- /D WIN32 /D _DEBUG /D _CONSOLE /D _LIB /D _UNICODE /D UNICODE /Gm /EHsc /RTC1 /MDd /GS /fp:precise /Zc:wchar_t /Zc:forScope /Yu"stdafx.h" /Fp"Debug\NCHU.pch" /Fo"Debug\\" /Fd"Debug\vc120.pdb" /Gd /TP /analyze- /errorReport:prompt NCHU.cpp
         NCHU.cpp
     1>c:\users\user\desktop\雜項\作業\成圖\中興logo\nchu\nchu.cpp(14): warning C4244: '正在初始化' : 將 'double' 轉換為 'GLfloat'，由於類型不同，可能導致資料遺失
     1>c:\users\user\desktop\雜項\作業\成圖\中興logo\nchu\nchu.cpp(16): warning C4244: '引數' : 將 'double' 轉換為 'float'，由於類型不同，可能導致資料遺失
     1>c:\users\user\desktop\雜項\作業\成圖\中興logo\nchu\nchu.cpp(16): warning C4244: '=' : 將 'double' 轉換為 'float'，由於類型不同，可能導致資料遺失
     1>c:\users\user\desktop\雜項\作業\成圖\中興logo\nchu\nchu.cpp(17): warning C4244: '引數' : 將 'double' 轉換為 'float'，由於類型不同，可能導致資料遺失
     1>c:\users\user\desktop\雜項\作業\成圖\中興logo\nchu\nchu.cpp(17): warning C4244: '=' : 將 'double' 轉換為 'float'，由於類型不同，可能導致資料遺失
     1>c:\users\user\desktop\雜項\作業\成圖\中興logo\nchu\nchu.cpp(30): warning C4305: '引數' : 從 'double' 轉換為 'GLfloat'，是由較大的類型轉換為較小的類型，可能導致資料遺失
     1>c:\users\user\desktop\雜項\作業\成圖\中興logo\nchu\nchu.cpp(33): warning C4305: '引數' : 從 'double' 轉換為 'GLfloat'，是由較大的類型轉換為較小的類型，可能導致資料遺失
     1>c:\users\user\desktop\雜項\作業\成圖\中興logo\nchu\nchu.cpp(34): warning C4305: '引數' : 從 'double' 轉換為 'GLfloat'，是由較大的類型轉換為較小的類型，可能導致資料遺失
     1>c:\users\user\desktop\雜項\作業\成圖\中興logo\nchu\nchu.cpp(35): warning C4305: '引數' : 從 'double' 轉換為 'GLfloat'，是由較大的類型轉換為較小的類型，可能導致資料遺失
     1>c:\users\user\desktop\雜項\作業\成圖\中興logo\nchu\nchu.cpp(37): warning C4305: '引數' : 從 'double' 轉換為 'GLfloat'，是由較大的類型轉換為較小的類型，可能導致資料遺失
     1>c:\users\user\desktop\雜項\作業\成圖\中興logo\nchu\nchu.cpp(38): warning C4305: '引數' : 從 'double' 轉換為 'GLfloat'，是由較大的類型轉換為較小的類型，可能導致資料遺失
     1>c:\users\user\desktop\雜項\作業\成圖\中興logo\nchu\nchu.cpp(39): warning C4305: '引數' : 從 'double' 轉換為 'GLfloat'，是由較大的類型轉換為較小的類型，可能導致資料遺失
     1>c:\users\user\desktop\雜項\作業\成圖\中興logo\nchu\nchu.cpp(41): warning C4305: '引數' : 從 'double' 轉換為 'GLfloat'，是由較大的類型轉換為較小的類型，可能導致資料遺失
     1>c:\users\user\desktop\雜項\作業\成圖\中興logo\nchu\nchu.cpp(42): warning C4305: '引數' : 從 'double' 轉換為 'GLfloat'，是由較大的類型轉換為較小的類型，可能導致資料遺失
     1>c:\users\user\desktop\雜項\作業\成圖\中興logo\nchu\nchu.cpp(43): warning C4305: '引數' : 從 'double' 轉換為 'GLfloat'，是由較大的類型轉換為較小的類型，可能導致資料遺失
     1>c:\users\user\desktop\雜項\作業\成圖\中興logo\nchu\nchu.cpp(45): warning C4305: '引數' : 從 'double' 轉換為 'GLfloat'，是由較大的類型轉換為較小的類型，可能導致資料遺失
     1>c:\users\user\desktop\雜項\作業\成圖\中興logo\nchu\nchu.cpp(46): warning C4305: '引數' : 從 'double' 轉換為 'GLfloat'，是由較大的類型轉換為較小的類型，可能導致資料遺失
     1>c:\users\user\desktop\雜項\作業\成圖\中興logo\nchu\nchu.cpp(47): warning C4305: '引數' : 從 'double' 轉換為 'GLfloat'，是由較大的類型轉換為較小的類型，可能導致資料遺失
     1>c:\users\user\desktop\雜項\作業\成圖\中興logo\nchu\nchu.cpp(49): warning C4305: '引數' : 從 'double' 轉換為 'GLfloat'，是由較大的類型轉換為較小的類型，可能導致資料遺失
     1>c:\users\user\desktop\雜項\作業\成圖\中興logo\nchu\nchu.cpp(50): warning C4305: '引數' : 從 'double' 轉換為 'GLfloat'，是由較大的類型轉換為較小的類型，可能導致資料遺失
     1>c:\users\user\desktop\雜項\作業\成圖\中興logo\nchu\nchu.cpp(51): warning C4305: '引數' : 從 'double' 轉換為 'GLfloat'，是由較大的類型轉換為較小的類型，可能導致資料遺失
     1>c:\users\user\desktop\雜項\作業\成圖\中興logo\nchu\nchu.cpp(53): warning C4305: '引數' : 從 'double' 轉換為 'GLfloat'，是由較大的類型轉換為較小的類型，可能導致資料遺失
     1>c:\users\user\desktop\雜項\作業\成圖\中興logo\nchu\nchu.cpp(54): warning C4305: '引數' : 從 'double' 轉換為 'GLfloat'，是由較大的類型轉換為較小的類型，可能導致資料遺失
     1>c:\users\user\desktop\雜項\作業\成圖\中興logo\nchu\nchu.cpp(55): warning C4305: '引數' : 從 'double' 轉換為 'GLfloat'，是由較大的類型轉換為較小的類型，可能導致資料遺失
     1>c:\users\user\desktop\雜項\作業\成圖\中興logo\nchu\nchu.cpp(61): warning C4244: '引數' : 將 'int' 轉換為 'float'，由於類型不同，可能導致資料遺失
     1>c:\users\user\desktop\雜項\作業\成圖\中興logo\nchu\nchu.cpp(63): warning C4244: '引數' : 將 'int' 轉換為 'float'，由於類型不同，可能導致資料遺失
     1>c:\users\user\desktop\雜項\作業\成圖\中興logo\nchu\nchu.cpp(64): warning C4305: '引數' : 從 'double' 轉換為 'GLfloat'，是由較大的類型轉換為較小的類型，可能導致資料遺失
     1>c:\users\user\desktop\雜項\作業\成圖\中興logo\nchu\nchu.cpp(66): warning C4244: '引數' : 將 'int' 轉換為 'float'，由於類型不同，可能導致資料遺失
     1>c:\users\user\desktop\雜項\作業\成圖\中興logo\nchu\nchu.cpp(68): warning C4244: '引數' : 將 'int' 轉換為 'float'，由於類型不同，可能導致資料遺失
     1>c:\users\user\desktop\雜項\作業\成圖\中興logo\nchu\nchu.cpp(69): warning C4305: '引數' : 從 'double' 轉換為 'GLfloat'，是由較大的類型轉換為較小的類型，可能導致資料遺失
     1>c:\users\user\desktop\雜項\作業\成圖\中興logo\nchu\nchu.cpp(73): warning C4305: '引數' : 從 'double' 轉換為 'GLfloat'，是由較大的類型轉換為較小的類型，可能導致資料遺失
     1>c:\users\user\desktop\雜項\作業\成圖\中興logo\nchu\nchu.cpp(73): warning C4244: '引數' : 將 'double' 轉換為 'GLfloat'，由於類型不同，可能導致資料遺失
     1>c:\users\user\desktop\雜項\作業\成圖\中興logo\nchu\nchu.cpp(74): warning C4305: '引數' : 從 'double' 轉換為 'GLfloat'，是由較大的類型轉換為較小的類型，可能導致資料遺失
     1>c:\users\user\desktop\雜項\作業\成圖\中興logo\nchu\nchu.cpp(74): warning C4244: '引數' : 將 'double' 轉換為 'GLfloat'，由於類型不同，可能導致資料遺失
     1>c:\users\user\desktop\雜項\作業\成圖\中興logo\nchu\nchu.cpp(75): warning C4305: '引數' : 從 'double' 轉換為 'GLfloat'，是由較大的類型轉換為較小的類型，可能導致資料遺失
     1>c:\users\user\desktop\雜項\作業\成圖\中興logo\nchu\nchu.cpp(75): warning C4244: '引數' : 將 'double' 轉換為 'GLfloat'，由於類型不同，可能導致資料遺失
     1>c:\users\user\desktop\雜項\作業\成圖\中興logo\nchu\nchu.cpp(77): warning C4305: '引數' : 從 'double' 轉換為 'GLfloat'，是由較大的類型轉換為較小的類型，可能導致資料遺失
     1>c:\users\user\desktop\雜項\作業\成圖\中興logo\nchu\nchu.cpp(77): warning C4244: '引數' : 將 'double' 轉換為 'GLfloat'，由於類型不同，可能導致資料遺失
     1>c:\users\user\desktop\雜項\作業\成圖\中興logo\nchu\nchu.cpp(78): warning C4305: '引數' : 從 'double' 轉換為 'GLfloat'，是由較大的類型轉換為較小的類型，可能導致資料遺失
     1>c:\users\user\desktop\雜項\作業\成圖\中興logo\nchu\nchu.cpp(78): warning C4244: '引數' : 將 'double' 轉換為 'GLfloat'，由於類型不同，可能導致資料遺失
     1>c:\users\user\desktop\雜項\作業\成圖\中興logo\nchu\nchu.cpp(79): warning C4305: '引數' : 從 'double' 轉換為 'GLfloat'，是由較大的類型轉換為較小的類型，可能導致資料遺失
     1>c:\users\user\desktop\雜項\作業\成圖\中興logo\nchu\nchu.cpp(79): warning C4244: '引數' : 將 'double' 轉換為 'GLfloat'，由於類型不同，可能導致資料遺失
     1>c:\users\user\desktop\雜項\作業\成圖\中興logo\nchu\nchu.cpp(81): warning C4305: '引數' : 從 'double' 轉換為 'GLfloat'，是由較大的類型轉換為較小的類型，可能導致資料遺失
     1>c:\users\user\desktop\雜項\作業\成圖\中興logo\nchu\nchu.cpp(81): warning C4244: '引數' : 將 'double' 轉換為 'GLfloat'，由於類型不同，可能導致資料遺失
     1>c:\users\user\desktop\雜項\作業\成圖\中興logo\nchu\nchu.cpp(82): warning C4305: '引數' : 從 'double' 轉換為 'GLfloat'，是由較大的類型轉換為較小的類型，可能導致資料遺失
     1>c:\users\user\desktop\雜項\作業\成圖\中興logo\nchu\nchu.cpp(82): warning C4244: '引數' : 將 'double' 轉換為 'GLfloat'，由於類型不同，可能導致資料遺失
     1>c:\users\user\desktop\雜項\作業\成圖\中興logo\nchu\nchu.cpp(83): warning C4305: '引數' : 從 'double' 轉換為 'GLfloat'，是由較大的類型轉換為較小的類型，可能導致資料遺失
     1>c:\users\user\desktop\雜項\作業\成圖\中興logo\nchu\nchu.cpp(83): warning C4244: '引數' : 將 'double' 轉換為 'GLfloat'，由於類型不同，可能導致資料遺失
     1>c:\users\user\desktop\雜項\作業\成圖\中興logo\nchu\nchu.cpp(85): warning C4305: '引數' : 從 'double' 轉換為 'GLfloat'，是由較大的類型轉換為較小的類型，可能導致資料遺失
     1>c:\users\user\desktop\雜項\作業\成圖\中興logo\nchu\nchu.cpp(85): warning C4244: '引數' : 將 'double' 轉換為 'GLfloat'，由於類型不同，可能導致資料遺失
     1>c:\users\user\desktop\雜項\作業\成圖\中興logo\nchu\nchu.cpp(86): warning C4305: '引數' : 從 'double' 轉換為 'GLfloat'，是由較大的類型轉換為較小的類型，可能導致資料遺失
     1>c:\users\user\desktop\雜項\作業\成圖\中興logo\nchu\nchu.cpp(86): warning C4244: '引數' : 將 'double' 轉換為 'GLfloat'，由於類型不同，可能導致資料遺失
     1>c:\users\user\desktop\雜項\作業\成圖\中興logo\nchu\nchu.cpp(87): warning C4305: '引數' : 從 'double' 轉換為 'GLfloat'，是由較大的類型轉換為較小的類型，可能導致資料遺失
     1>c:\users\user\desktop\雜項\作業\成圖\中興logo\nchu\nchu.cpp(87): warning C4244: '引數' : 將 'double' 轉換為 'GLfloat'，由於類型不同，可能導致資料遺失
     1>c:\users\user\desktop\雜項\作業\成圖\中興logo\nchu\nchu.cpp(92): warning C4244: '正在初始化' : 將 'double' 轉換為 'float'，由於類型不同，可能導致資料遺失
     1>c:\users\user\desktop\雜項\作業\成圖\中興logo\nchu\nchu.cpp(93): warning C4244: '正在初始化' : 將 'double' 轉換為 'float'，由於類型不同，可能導致資料遺失
     1>c:\users\user\desktop\雜項\作業\成圖\中興logo\nchu\nchu.cpp(94): warning C4305: '正在初始化' : 從 'double' 轉換為 'float'，是由較大的類型轉換為較小的類型，可能導致資料遺失
     1>c:\users\user\desktop\雜項\作業\成圖\中興logo\nchu\nchu.cpp(95): warning C4305: '引數' : 從 'double' 轉換為 'GLfloat'，是由較大的類型轉換為較小的類型，可能導致資料遺失
     1>c:\users\user\desktop\雜項\作業\成圖\中興logo\nchu\nchu.cpp(98): warning C4305: '引數' : 從 'double' 轉換為 'GLfloat'，是由較大的類型轉換為較小的類型，可能導致資料遺失
     1>c:\users\user\desktop\雜項\作業\成圖\中興logo\nchu\nchu.cpp(103): warning C4305: '引數' : 從 'double' 轉換為 'GLfloat'，是由較大的類型轉換為較小的類型，可能導致資料遺失
     1>c:\users\user\desktop\雜項\作業\成圖\中興logo\nchu\nchu.cpp(104): warning C4305: '引數' : 從 'double' 轉換為 'GLfloat'，是由較大的類型轉換為較小的類型，可能導致資料遺失
     1>c:\users\user\desktop\雜項\作業\成圖\中興logo\nchu\nchu.cpp(106): warning C4305: '引數' : 從 'double' 轉換為 'GLfloat'，是由較大的類型轉換為較小的類型，可能導致資料遺失
     1>c:\users\user\desktop\雜項\作業\成圖\中興logo\nchu\nchu.cpp(107): warning C4305: '引數' : 從 'double' 轉換為 'GLfloat'，是由較大的類型轉換為較小的類型，可能導致資料遺失
     1>c:\users\user\desktop\雜項\作業\成圖\中興logo\nchu\nchu.cpp(108): warning C4305: '引數' : 從 'double' 轉換為 'GLfloat'，是由較大的類型轉換為較小的類型，可能導致資料遺失
     1>c:\users\user\desktop\雜項\作業\成圖\中興logo\nchu\nchu.cpp(110): warning C4305: '引數' : 從 'double' 轉換為 'GLfloat'，是由較大的類型轉換為較小的類型，可能導致資料遺失
     1>c:\users\user\desktop\雜項\作業\成圖\中興logo\nchu\nchu.cpp(111): warning C4305: '引數' : 從 'double' 轉換為 'GLfloat'，是由較大的類型轉換為較小的類型，可能導致資料遺失
     1>c:\users\user\desktop\雜項\作業\成圖\中興logo\nchu\nchu.cpp(112): warning C4305: '引數' : 從 'double' 轉換為 'GLfloat'，是由較大的類型轉換為較小的類型，可能導致資料遺失
     1>c:\users\user\desktop\雜項\作業\成圖\中興logo\nchu\nchu.cpp(117): warning C4305: '正在初始化' : 從 'double' 轉換為 'float'，是由較大的類型轉換為較小的類型，可能導致資料遺失
     1>c:\users\user\desktop\雜項\作業\成圖\中興logo\nchu\nchu.cpp(118): warning C4305: '引數' : 從 'double' 轉換為 'GLfloat'，是由較大的類型轉換為較小的類型，可能導致資料遺失
     1>c:\users\user\desktop\雜項\作業\成圖\中興logo\nchu\nchu.cpp(121): warning C4305: '引數' : 從 'double' 轉換為 'GLfloat'，是由較大的類型轉換為較小的類型，可能導致資料遺失
     1>c:\users\user\desktop\雜項\作業\成圖\中興logo\nchu\nchu.cpp(122): warning C4305: '引數' : 從 'double' 轉換為 'GLfloat'，是由較大的類型轉換為較小的類型，可能導致資料遺失
     1>c:\users\user\desktop\雜項\作業\成圖\中興logo\nchu\nchu.cpp(123): warning C4305: '引數' : 從 'double' 轉換為 'GLfloat'，是由較大的類型轉換為較小的類型，可能導致資料遺失
     1>c:\users\user\desktop\雜項\作業\成圖\中興logo\nchu\nchu.cpp(125): warning C4305: '引數' : 從 'double' 轉換為 'GLfloat'，是由較大的類型轉換為較小的類型，可能導致資料遺失
     1>c:\users\user\desktop\雜項\作業\成圖\中興logo\nchu\nchu.cpp(126): warning C4305: '引數' : 從 'double' 轉換為 'GLfloat'，是由較大的類型轉換為較小的類型，可能導致資料遺失
     1>c:\users\user\desktop\雜項\作業\成圖\中興logo\nchu\nchu.cpp(127): warning C4305: '引數' : 從 'double' 轉換為 'GLfloat'，是由較大的類型轉換為較小的類型，可能導致資料遺失
     1>c:\users\user\desktop\雜項\作業\成圖\中興logo\nchu\nchu.cpp(135): warning C4305: '引數' : 從 'double' 轉換為 'GLfloat'，是由較大的類型轉換為較小的類型，可能導致資料遺失
     1>c:\users\user\desktop\雜項\作業\成圖\中興logo\nchu\nchu.cpp(139): warning C4305: '引數' : 從 'double' 轉換為 'GLfloat'，是由較大的類型轉換為較小的類型，可能導致資料遺失
     1>c:\users\user\desktop\雜項\作業\成圖\中興logo\nchu\nchu.cpp(140): warning C4305: '引數' : 從 'double' 轉換為 'GLfloat'，是由較大的類型轉換為較小的類型，可能導致資料遺失
     1>c:\users\user\desktop\雜項\作業\成圖\中興logo\nchu\nchu.cpp(141): warning C4305: '引數' : 從 'double' 轉換為 'GLfloat'，是由較大的類型轉換為較小的類型，可能導致資料遺失
     1>c:\users\user\desktop\雜項\作業\成圖\中興logo\nchu\nchu.cpp(143): warning C4305: '引數' : 從 'double' 轉換為 'GLfloat'，是由較大的類型轉換為較小的類型，可能導致資料遺失
     1>c:\users\user\desktop\雜項\作業\成圖\中興logo\nchu\nchu.cpp(144): warning C4305: '引數' : 從 'double' 轉換為 'GLfloat'，是由較大的類型轉換為較小的類型，可能導致資料遺失
     1>c:\users\user\desktop\雜項\作業\成圖\中興logo\nchu\nchu.cpp(145): warning C4305: '引數' : 從 'double' 轉換為 'GLfloat'，是由較大的類型轉換為較小的類型，可能導致資料遺失
     1>c:\users\user\desktop\雜項\作業\成圖\中興logo\nchu\nchu.cpp(152): warning C4305: '正在初始化' : 從 'double' 轉換為 'float'，是由較大的類型轉換為較小的類型，可能導致資料遺失
     1>c:\users\user\desktop\雜項\作業\成圖\中興logo\nchu\nchu.cpp(153): warning C4305: '正在初始化' : 從 'double' 轉換為 'float'，是由較大的類型轉換為較小的類型，可能導致資料遺失
     1>c:\users\user\desktop\雜項\作業\成圖\中興logo\nchu\nchu.cpp(154): warning C4305: '引數' : 從 'double' 轉換為 'GLfloat'，是由較大的類型轉換為較小的類型，可能導致資料遺失
     1>c:\users\user\desktop\雜項\作業\成圖\中興logo\nchu\nchu.cpp(157): warning C4305: '引數' : 從 'double' 轉換為 'GLfloat'，是由較大的類型轉換為較小的類型，可能導致資料遺失
     1>c:\users\user\desktop\雜項\作業\成圖\中興logo\nchu\nchu.cpp(158): warning C4305: '引數' : 從 'double' 轉換為 'GLfloat'，是由較大的類型轉換為較小的類型，可能導致資料遺失
     1>c:\users\user\desktop\雜項\作業\成圖\中興logo\nchu\nchu.cpp(159): warning C4305: '引數' : 從 'double' 轉換為 'GLfloat'，是由較大的類型轉換為較小的類型，可能導致資料遺失
     1>c:\users\user\desktop\雜項\作業\成圖\中興logo\nchu\nchu.cpp(161): warning C4305: '引數' : 從 'double' 轉換為 'GLfloat'，是由較大的類型轉換為較小的類型，可能導致資料遺失
     1>c:\users\user\desktop\雜項\作業\成圖\中興logo\nchu\nchu.cpp(162): warning C4305: '引數' : 從 'double' 轉換為 'GLfloat'，是由較大的類型轉換為較小的類型，可能導致資料遺失
     1>c:\users\user\desktop\雜項\作業\成圖\中興logo\nchu\nchu.cpp(163): warning C4305: '引數' : 從 'double' 轉換為 'GLfloat'，是由較大的類型轉換為較小的類型，可能導致資料遺失
     1>c:\users\user\desktop\雜項\作業\成圖\中興logo\nchu\nchu.cpp(173): warning C4305: '引數' : 從 'double' 轉換為 'GLfloat'，是由較大的類型轉換為較小的類型，可能導致資料遺失
     1>c:\users\user\desktop\雜項\作業\成圖\中興logo\nchu\nchu.cpp(174): warning C4305: '引數' : 從 'double' 轉換為 'GLfloat'，是由較大的類型轉換為較小的類型，可能導致資料遺失
     1>c:\users\user\desktop\雜項\作業\成圖\中興logo\nchu\nchu.cpp(175): warning C4305: '引數' : 從 'double' 轉換為 'GLfloat'，是由較大的類型轉換為較小的類型，可能導致資料遺失
     1>c:\users\user\desktop\雜項\作業\成圖\中興logo\nchu\nchu.cpp(177): warning C4305: '引數' : 從 'double' 轉換為 'GLfloat'，是由較大的類型轉換為較小的類型，可能導致資料遺失
     1>c:\users\user\desktop\雜項\作業\成圖\中興logo\nchu\nchu.cpp(178): warning C4305: '引數' : 從 'double' 轉換為 'GLfloat'，是由較大的類型轉換為較小的類型，可能導致資料遺失
     1>c:\users\user\desktop\雜項\作業\成圖\中興logo\nchu\nchu.cpp(179): warning C4305: '引數' : 從 'double' 轉換為 'GLfloat'，是由較大的類型轉換為較小的類型，可能導致資料遺失
     1>c:\users\user\desktop\雜項\作業\成圖\中興logo\nchu\nchu.cpp(184): warning C4305: '引數' : 從 'double' 轉換為 'GLfloat'，是由較大的類型轉換為較小的類型，可能導致資料遺失
     1>c:\users\user\desktop\雜項\作業\成圖\中興logo\nchu\nchu.cpp(185): warning C4305: '正在初始化' : 從 'double' 轉換為 'float'，是由較大的類型轉換為較小的類型，可能導致資料遺失
     1>c:\users\user\desktop\雜項\作業\成圖\中興logo\nchu\nchu.cpp(186): warning C4305: '正在初始化' : 從 'double' 轉換為 'float'，是由較大的類型轉換為較小的類型，可能導致資料遺失
     1>c:\users\user\desktop\雜項\作業\成圖\中興logo\nchu\nchu.cpp(187): warning C4305: '正在初始化' : 從 'double' 轉換為 'float'，是由較大的類型轉換為較小的類型，可能導致資料遺失
     1>c:\users\user\desktop\雜項\作業\成圖\中興logo\nchu\nchu.cpp(190): warning C4305: '引數' : 從 'double' 轉換為 'GLfloat'，是由較大的類型轉換為較小的類型，可能導致資料遺失
     1>c:\users\user\desktop\雜項\作業\成圖\中興logo\nchu\nchu.cpp(191): warning C4305: '引數' : 從 'double' 轉換為 'GLfloat'，是由較大的類型轉換為較小的類型，可能導致資料遺失
     1>c:\users\user\desktop\雜項\作業\成圖\中興logo\nchu\nchu.cpp(192): warning C4305: '引數' : 從 'double' 轉換為 'GLfloat'，是由較大的類型轉換為較小的類型，可能導致資料遺失
     1>c:\users\user\desktop\雜項\作業\成圖\中興logo\nchu\nchu.cpp(194): warning C4305: '引數' : 從 'double' 轉換為 'GLfloat'，是由較大的類型轉換為較小的類型，可能導致資料遺失
     1>c:\users\user\desktop\雜項\作業\成圖\中興logo\nchu\nchu.cpp(195): warning C4305: '引數' : 從 'double' 轉換為 'GLfloat'，是由較大的類型轉換為較小的類型，可能導致資料遺失
     1>c:\users\user\desktop\雜項\作業\成圖\中興logo\nchu\nchu.cpp(198): warning C4305: '引數' : 從 'double' 轉換為 'GLfloat'，是由較大的類型轉換為較小的類型，可能導致資料遺失
     1>c:\users\user\desktop\雜項\作業\成圖\中興logo\nchu\nchu.cpp(200): warning C4305: '引數' : 從 'double' 轉換為 'GLfloat'，是由較大的類型轉換為較小的類型，可能導致資料遺失
     1>c:\users\user\desktop\雜項\作業\成圖\中興logo\nchu\nchu.cpp(202): warning C4305: '引數' : 從 'double' 轉換為 'GLfloat'，是由較大的類型轉換為較小的類型，可能導致資料遺失
     1>c:\users\user\desktop\雜項\作業\成圖\中興logo\nchu\nchu.cpp(204): warning C4305: '引數' : 從 'double' 轉換為 'GLfloat'，是由較大的類型轉換為較小的類型，可能導致資料遺失
     1>c:\users\user\desktop\雜項\作業\成圖\中興logo\nchu\nchu.cpp(206): warning C4305: '引數' : 從 'double' 轉換為 'GLfloat'，是由較大的類型轉換為較小的類型，可能導致資料遺失
     1>c:\users\user\desktop\雜項\作業\成圖\中興logo\nchu\nchu.cpp(207): warning C4305: '引數' : 從 'double' 轉換為 'GLfloat'，是由較大的類型轉換為較小的類型，可能導致資料遺失
     1>c:\users\user\desktop\雜項\作業\成圖\中興logo\nchu\nchu.cpp(208): warning C4305: '引數' : 從 'double' 轉換為 'GLfloat'，是由較大的類型轉換為較小的類型，可能導致資料遺失
     1>c:\users\user\desktop\雜項\作業\成圖\中興logo\nchu\nchu.cpp(213): warning C4305: '引數' : 從 'double' 轉換為 'GLfloat'，是由較大的類型轉換為較小的類型，可能導致資料遺失
     1>c:\users\user\desktop\雜項\作業\成圖\中興logo\nchu\nchu.cpp(214): warning C4305: '正在初始化' : 從 'double' 轉換為 'float'，是由較大的類型轉換為較小的類型，可能導致資料遺失
     1>c:\users\user\desktop\雜項\作業\成圖\中興logo\nchu\nchu.cpp(215): warning C4305: '正在初始化' : 從 'double' 轉換為 'float'，是由較大的類型轉換為較小的類型，可能導致資料遺失
     1>c:\users\user\desktop\雜項\作業\成圖\中興logo\nchu\nchu.cpp(216): warning C4305: '正在初始化' : 從 'double' 轉換為 'float'，是由較大的類型轉換為較小的類型，可能導致資料遺失
     1>c:\users\user\desktop\雜項\作業\成圖\中興logo\nchu\nchu.cpp(219): warning C4305: '引數' : 從 'double' 轉換為 'GLfloat'，是由較大的類型轉換為較小的類型，可能導致資料遺失
     1>c:\users\user\desktop\雜項\作業\成圖\中興logo\nchu\nchu.cpp(220): warning C4305: '引數' : 從 'double' 轉換為 'GLfloat'，是由較大的類型轉換為較小的類型，可能導致資料遺失
     1>c:\users\user\desktop\雜項\作業\成圖\中興logo\nchu\nchu.cpp(221): warning C4305: '引數' : 從 'double' 轉換為 'GLfloat'，是由較大的類型轉換為較小的類型，可能導致資料遺失
     1>c:\users\user\desktop\雜項\作業\成圖\中興logo\nchu\nchu.cpp(223): warning C4305: '引數' : 從 'double' 轉換為 'GLfloat'，是由較大的類型轉換為較小的類型，可能導致資料遺失
     1>c:\users\user\desktop\雜項\作業\成圖\中興logo\nchu\nchu.cpp(224): warning C4305: '引數' : 從 'double' 轉換為 'GLfloat'，是由較大的類型轉換為較小的類型，可能導致資料遺失
     1>c:\users\user\desktop\雜項\作業\成圖\中興logo\nchu\nchu.cpp(227): warning C4305: '引數' : 從 'double' 轉換為 'GLfloat'，是由較大的類型轉換為較小的類型，可能導致資料遺失
     1>c:\users\user\desktop\雜項\作業\成圖\中興logo\nchu\nchu.cpp(229): warning C4305: '引數' : 從 'double' 轉換為 'GLfloat'，是由較大的類型轉換為較小的類型，可能導致資料遺失
     1>c:\users\user\desktop\雜項\作業\成圖\中興logo\nchu\nchu.cpp(231): warning C4305: '引數' : 從 'double' 轉換為 'GLfloat'，是由較大的類型轉換為較小的類型，可能導致資料遺失
     1>c:\users\user\desktop\雜項\作業\成圖\中興logo\nchu\nchu.cpp(233): warning C4305: '引數' : 從 'double' 轉換為 'GLfloat'，是由較大的類型轉換為較小的類型，可能導致資料遺失
     1>c:\users\user\desktop\雜項\作業\成圖\中興logo\nchu\nchu.cpp(235): warning C4305: '引數' : 從 'double' 轉換為 'GLfloat'，是由較大的類型轉換為較小的類型，可能導致資料遺失
     1>c:\users\user\desktop\雜項\作業\成圖\中興logo\nchu\nchu.cpp(236): warning C4305: '引數' : 從 'double' 轉換為 'GLfloat'，是由較大的類型轉換為較小的類型，可能導致資料遺失
     1>c:\users\user\desktop\雜項\作業\成圖\中興logo\nchu\nchu.cpp(237): warning C4305: '引數' : 從 'double' 轉換為 'GLfloat'，是由較大的類型轉換為較小的類型，可能導致資料遺失
     1>c:\users\user\desktop\雜項\作業\成圖\中興logo\nchu\nchu.cpp(240): warning C4305: '引數' : 從 'double' 轉換為 'GLfloat'，是由較大的類型轉換為較小的類型，可能導致資料遺失
     1>c:\users\user\desktop\雜項\作業\成圖\中興logo\nchu\nchu.cpp(241): warning C4305: '引數' : 從 'double' 轉換為 'GLfloat'，是由較大的類型轉換為較小的類型，可能導致資料遺失
     1>c:\users\user\desktop\雜項\作業\成圖\中興logo\nchu\nchu.cpp(242): warning C4305: '引數' : 從 'double' 轉換為 'GLfloat'，是由較大的類型轉換為較小的類型，可能導致資料遺失
     1>c:\users\user\desktop\雜項\作業\成圖\中興logo\nchu\nchu.cpp(244): warning C4305: '引數' : 從 'double' 轉換為 'GLfloat'，是由較大的類型轉換為較小的類型，可能導致資料遺失
     1>c:\users\user\desktop\雜項\作業\成圖\中興logo\nchu\nchu.cpp(245): warning C4305: '引數' : 從 'double' 轉換為 'GLfloat'，是由較大的類型轉換為較小的類型，可能導致資料遺失
     1>c:\users\user\desktop\雜項\作業\成圖\中興logo\nchu\nchu.cpp(246): warning C4305: '引數' : 從 'double' 轉換為 'GLfloat'，是由較大的類型轉換為較小的類型，可能導致資料遺失
     1>c:\users\user\desktop\雜項\作業\成圖\中興logo\nchu\nchu.cpp(248): warning C4305: '引數' : 從 'double' 轉換為 'GLfloat'，是由較大的類型轉換為較小的類型，可能導致資料遺失
     1>c:\users\user\desktop\雜項\作業\成圖\中興logo\nchu\nchu.cpp(249): warning C4305: '引數' : 從 'double' 轉換為 'GLfloat'，是由較大的類型轉換為較小的類型，可能導致資料遺失
     1>c:\users\user\desktop\雜項\作業\成圖\中興logo\nchu\nchu.cpp(250): warning C4305: '引數' : 從 'double' 轉換為 'GLfloat'，是由較大的類型轉換為較小的類型，可能導致資料遺失
     1>c:\users\user\desktop\雜項\作業\成圖\中興logo\nchu\nchu.cpp(252): warning C4305: '引數' : 從 'double' 轉換為 'GLfloat'，是由較大的類型轉換為較小的類型，可能導致資料遺失
     1>c:\users\user\desktop\雜項\作業\成圖\中興logo\nchu\nchu.cpp(253): warning C4305: '引數' : 從 'double' 轉換為 'GLfloat'，是由較大的類型轉換為較小的類型，可能導致資料遺失
     1>c:\users\user\desktop\雜項\作業\成圖\中興logo\nchu\nchu.cpp(254): warning C4305: '引數' : 從 'double' 轉換為 'GLfloat'，是由較大的類型轉換為較小的類型，可能導致資料遺失
     1>c:\users\user\desktop\雜項\作業\成圖\中興logo\nchu\nchu.cpp(256): warning C4305: '引數' : 從 'double' 轉換為 'GLfloat'，是由較大的類型轉換為較小的類型，可能導致資料遺失
     1>c:\users\user\desktop\雜項\作業\成圖\中興logo\nchu\nchu.cpp(257): warning C4305: '引數' : 從 'double' 轉換為 'GLfloat'，是由較大的類型轉換為較小的類型，可能導致資料遺失
     1>c:\users\user\desktop\雜項\作業\成圖\中興logo\nchu\nchu.cpp(258): warning C4305: '引數' : 從 'double' 轉換為 'GLfloat'，是由較大的類型轉換為較小的類型，可能導致資料遺失
     1>c:\users\user\desktop\雜項\作業\成圖\中興logo\nchu\nchu.cpp(263): warning C4244: '正在初始化' : 將 'double' 轉換為 'GLfloat'，由於類型不同，可能導致資料遺失
     1>c:\users\user\desktop\雜項\作業\成圖\中興logo\nchu\nchu.cpp(264): warning C4244: '正在初始化' : 將 'double' 轉換為 'GLfloat'，由於類型不同，可能導致資料遺失
     1>c:\users\user\desktop\雜項\作業\成圖\中興logo\nchu\nchu.cpp(265): warning C4305: '正在初始化' : 從 'double' 轉換為 'GLfloat'，是由較大的類型轉換為較小的類型，可能導致資料遺失
     1>c:\users\user\desktop\雜項\作業\成圖\中興logo\nchu\nchu.cpp(266): warning C4305: '正在初始化' : 從 'double' 轉換為 'GLfloat'，是由較大的類型轉換為較小的類型，可能導致資料遺失
     1>c:\users\user\desktop\雜項\作業\成圖\中興logo\nchu\nchu.cpp(267): warning C4305: '引數' : 從 'double' 轉換為 'GLfloat'，是由較大的類型轉換為較小的類型，可能導致資料遺失
     1>c:\users\user\desktop\雜項\作業\成圖\中興logo\nchu\nchu.cpp(307): warning C4244: '引數' : 將 'int' 轉換為 'float'，由於類型不同，可能導致資料遺失
     1>c:\users\user\desktop\雜項\作業\成圖\中興logo\nchu\nchu.cpp(309): warning C4244: '引數' : 將 'int' 轉換為 'float'，由於類型不同，可能導致資料遺失
     1>c:\users\user\desktop\雜項\作業\成圖\中興logo\nchu\nchu.cpp(310): warning C4305: '引數' : 從 'double' 轉換為 'GLfloat'，是由較大的類型轉換為較小的類型，可能導致資料遺失
     1>c:\users\user\desktop\雜項\作業\成圖\中興logo\nchu\nchu.cpp(312): warning C4244: '引數' : 將 'int' 轉換為 'float'，由於類型不同，可能導致資料遺失
     1>c:\users\user\desktop\雜項\作業\成圖\中興logo\nchu\nchu.cpp(314): warning C4244: '引數' : 將 'int' 轉換為 'float'，由於類型不同，可能導致資料遺失
     1>c:\users\user\desktop\雜項\作業\成圖\中興logo\nchu\nchu.cpp(315): warning C4305: '引數' : 從 'double' 轉換為 'GLfloat'，是由較大的類型轉換為較小的類型，可能導致資料遺失
     1>c:\users\user\desktop\雜項\作業\成圖\中興logo\nchu\nchu.cpp(317): warning C4244: '引數' : 將 'int' 轉換為 'float'，由於類型不同，可能導致資料遺失
     1>c:\users\user\desktop\雜項\作業\成圖\中興logo\nchu\nchu.cpp(319): warning C4244: '引數' : 將 'int' 轉換為 'float'，由於類型不同，可能導致資料遺失
     1>c:\users\user\desktop\雜項\作業\成圖\中興logo\nchu\nchu.cpp(320): warning C4305: '引數' : 從 'double' 轉換為 'GLfloat'，是由較大的類型轉換為較小的類型，可能導致資料遺失
     1>c:\users\user\desktop\雜項\作業\成圖\中興logo\nchu\nchu.cpp(324): warning C4305: '引數' : 從 'double' 轉換為 'GLfloat'，是由較大的類型轉換為較小的類型，可能導致資料遺失
     1>c:\users\user\desktop\雜項\作業\成圖\中興logo\nchu\nchu.cpp(324): warning C4244: '引數' : 將 'double' 轉換為 'GLfloat'，由於類型不同，可能導致資料遺失
     1>c:\users\user\desktop\雜項\作業\成圖\中興logo\nchu\nchu.cpp(325): warning C4305: '引數' : 從 'double' 轉換為 'GLfloat'，是由較大的類型轉換為較小的類型，可能導致資料遺失
     1>c:\users\user\desktop\雜項\作業\成圖\中興logo\nchu\nchu.cpp(325): warning C4244: '引數' : 將 'double' 轉換為 'GLfloat'，由於類型不同，可能導致資料遺失
     1>c:\users\user\desktop\雜項\作業\成圖\中興logo\nchu\nchu.cpp(326): warning C4305: '引數' : 從 'double' 轉換為 'GLfloat'，是由較大的類型轉換為較小的類型，可能導致資料遺失
     1>c:\users\user\desktop\雜項\作業\成圖\中興logo\nchu\nchu.cpp(326): warning C4244: '引數' : 將 'double' 轉換為 'GLfloat'，由於類型不同，可能導致資料遺失
     1>c:\users\user\desktop\雜項\作業\成圖\中興logo\nchu\nchu.cpp(328): warning C4305: '引數' : 從 'double' 轉換為 'GLfloat'，是由較大的類型轉換為較小的類型，可能導致資料遺失
     1>c:\users\user\desktop\雜項\作業\成圖\中興logo\nchu\nchu.cpp(328): warning C4244: '引數' : 將 'double' 轉換為 'GLfloat'，由於類型不同，可能導致資料遺失
     1>c:\users\user\desktop\雜項\作業\成圖\中興logo\nchu\nchu.cpp(329): warning C4305: '引數' : 從 'double' 轉換為 'GLfloat'，是由較大的類型轉換為較小的類型，可能導致資料遺失
     1>c:\users\user\desktop\雜項\作業\成圖\中興logo\nchu\nchu.cpp(329): warning C4244: '引數' : 將 'double' 轉換為 'GLfloat'，由於類型不同，可能導致資料遺失
     1>c:\users\user\desktop\雜項\作業\成圖\中興logo\nchu\nchu.cpp(330): warning C4305: '引數' : 從 'double' 轉換為 'GLfloat'，是由較大的類型轉換為較小的類型，可能導致資料遺失
     1>c:\users\user\desktop\雜項\作業\成圖\中興logo\nchu\nchu.cpp(330): warning C4244: '引數' : 將 'double' 轉換為 'GLfloat'，由於類型不同，可能導致資料遺失
     1>c:\users\user\desktop\雜項\作業\成圖\中興logo\nchu\nchu.cpp(339): warning C4305: '引數' : 從 'double' 轉換為 'GLfloat'，是由較大的類型轉換為較小的類型，可能導致資料遺失
     1>c:\users\user\desktop\雜項\作業\成圖\中興logo\nchu\nchu.cpp(343): warning C4244: '引數' : 將 'int' 轉換為 'float'，由於類型不同，可能導致資料遺失
     1>c:\users\user\desktop\雜項\作業\成圖\中興logo\nchu\nchu.cpp(345): warning C4244: '引數' : 將 'int' 轉換為 'float'，由於類型不同，可能導致資料遺失
     1>c:\users\user\desktop\雜項\作業\成圖\中興logo\nchu\nchu.cpp(346): warning C4305: '引數' : 從 'double' 轉換為 'GLfloat'，是由較大的類型轉換為較小的類型，可能導致資料遺失
     1>c:\users\user\desktop\雜項\作業\成圖\中興logo\nchu\nchu.cpp(350): warning C4305: '引數' : 從 'double' 轉換為 'GLfloat'，是由較大的類型轉換為較小的類型，可能導致資料遺失
     1>c:\users\user\desktop\雜項\作業\成圖\中興logo\nchu\nchu.cpp(350): warning C4244: '引數' : 將 'double' 轉換為 'GLfloat'，由於類型不同，可能導致資料遺失
     1>c:\users\user\desktop\雜項\作業\成圖\中興logo\nchu\nchu.cpp(351): warning C4305: '引數' : 從 'double' 轉換為 'GLfloat'，是由較大的類型轉換為較小的類型，可能導致資料遺失
     1>c:\users\user\desktop\雜項\作業\成圖\中興logo\nchu\nchu.cpp(351): warning C4244: '引數' : 將 'double' 轉換為 'GLfloat'，由於類型不同，可能導致資料遺失
     1>c:\users\user\desktop\雜項\作業\成圖\中興logo\nchu\nchu.cpp(352): warning C4305: '引數' : 從 'double' 轉換為 'GLfloat'，是由較大的類型轉換為較小的類型，可能導致資料遺失
     1>c:\users\user\desktop\雜項\作業\成圖\中興logo\nchu\nchu.cpp(352): warning C4244: '引數' : 將 'double' 轉換為 'GLfloat'，由於類型不同，可能導致資料遺失
     1>c:\users\user\desktop\雜項\作業\成圖\中興logo\nchu\nchu.cpp(354): warning C4305: '引數' : 從 'double' 轉換為 'GLfloat'，是由較大的類型轉換為較小的類型，可能導致資料遺失
     1>c:\users\user\desktop\雜項\作業\成圖\中興logo\nchu\nchu.cpp(354): warning C4244: '引數' : 將 'double' 轉換為 'GLfloat'，由於類型不同，可能導致資料遺失
     1>c:\users\user\desktop\雜項\作業\成圖\中興logo\nchu\nchu.cpp(355): warning C4305: '引數' : 從 'double' 轉換為 'GLfloat'，是由較大的類型轉換為較小的類型，可能導致資料遺失
     1>c:\users\user\desktop\雜項\作業\成圖\中興logo\nchu\nchu.cpp(355): warning C4244: '引數' : 將 'double' 轉換為 'GLfloat'，由於類型不同，可能導致資料遺失
     1>c:\users\user\desktop\雜項\作業\成圖\中興logo\nchu\nchu.cpp(356): warning C4305: '引數' : 從 'double' 轉換為 'GLfloat'，是由較大的類型轉換為較小的類型，可能導致資料遺失
     1>c:\users\user\desktop\雜項\作業\成圖\中興logo\nchu\nchu.cpp(356): warning C4244: '引數' : 將 'double' 轉換為 'GLfloat'，由於類型不同，可能導致資料遺失
     1>c:\users\user\desktop\雜項\作業\成圖\中興logo\nchu\nchu.cpp(361): warning C4244: '引數' : 將 'int' 轉換為 'float'，由於類型不同，可能導致資料遺失
     1>c:\users\user\desktop\雜項\作業\成圖\中興logo\nchu\nchu.cpp(363): warning C4244: '引數' : 將 'int' 轉換為 'float'，由於類型不同，可能導致資料遺失
     1>c:\users\user\desktop\雜項\作業\成圖\中興logo\nchu\nchu.cpp(364): warning C4305: '引數' : 從 'double' 轉換為 'GLfloat'，是由較大的類型轉換為較小的類型，可能導致資料遺失
     1>c:\users\user\desktop\雜項\作業\成圖\中興logo\nchu\nchu.cpp(368): warning C4305: '引數' : 從 'double' 轉換為 'GLfloat'，是由較大的類型轉換為較小的類型，可能導致資料遺失
     1>c:\users\user\desktop\雜項\作業\成圖\中興logo\nchu\nchu.cpp(368): warning C4244: '引數' : 將 'double' 轉換為 'GLfloat'，由於類型不同，可能導致資料遺失
     1>c:\users\user\desktop\雜項\作業\成圖\中興logo\nchu\nchu.cpp(369): warning C4305: '引數' : 從 'double' 轉換為 'GLfloat'，是由較大的類型轉換為較小的類型，可能導致資料遺失
     1>c:\users\user\desktop\雜項\作業\成圖\中興logo\nchu\nchu.cpp(369): warning C4244: '引數' : 將 'double' 轉換為 'GLfloat'，由於類型不同，可能導致資料遺失
     1>c:\users\user\desktop\雜項\作業\成圖\中興logo\nchu\nchu.cpp(370): warning C4305: '引數' : 從 'double' 轉換為 'GLfloat'，是由較大的類型轉換為較小的類型，可能導致資料遺失
     1>c:\users\user\desktop\雜項\作業\成圖\中興logo\nchu\nchu.cpp(370): warning C4244: '引數' : 將 'double' 轉換為 'GLfloat'，由於類型不同，可能導致資料遺失
     1>c:\users\user\desktop\雜項\作業\成圖\中興logo\nchu\nchu.cpp(372): warning C4305: '引數' : 從 'double' 轉換為 'GLfloat'，是由較大的類型轉換為較小的類型，可能導致資料遺失
     1>c:\users\user\desktop\雜項\作業\成圖\中興logo\nchu\nchu.cpp(372): warning C4244: '引數' : 將 'double' 轉換為 'GLfloat'，由於類型不同，可能導致資料遺失
     1>c:\users\user\desktop\雜項\作業\成圖\中興logo\nchu\nchu.cpp(373): warning C4305: '引數' : 從 'double' 轉換為 'GLfloat'，是由較大的類型轉換為較小的類型，可能導致資料遺失
     1>c:\users\user\desktop\雜項\作業\成圖\中興logo\nchu\nchu.cpp(373): warning C4244: '引數' : 將 'double' 轉換為 'GLfloat'，由於類型不同，可能導致資料遺失
     1>c:\users\user\desktop\雜項\作業\成圖\中興logo\nchu\nchu.cpp(374): warning C4305: '引數' : 從 'double' 轉換為 'GLfloat'，是由較大的類型轉換為較小的類型，可能導致資料遺失
     1>c:\users\user\desktop\雜項\作業\成圖\中興logo\nchu\nchu.cpp(374): warning C4244: '引數' : 將 'double' 轉換為 'GLfloat'，由於類型不同，可能導致資料遺失
     1>c:\users\user\desktop\雜項\作業\成圖\中興logo\nchu\nchu.cpp(376): warning C4305: '引數' : 從 'double' 轉換為 'GLfloat'，是由較大的類型轉換為較小的類型，可能導致資料遺失
     1>c:\users\user\desktop\雜項\作業\成圖\中興logo\nchu\nchu.cpp(376): warning C4244: '引數' : 將 'double' 轉換為 'GLfloat'，由於類型不同，可能導致資料遺失
     1>c:\users\user\desktop\雜項\作業\成圖\中興logo\nchu\nchu.cpp(377): warning C4305: '引數' : 從 'double' 轉換為 'GLfloat'，是由較大的類型轉換為較小的類型，可能導致資料遺失
     1>c:\users\user\desktop\雜項\作業\成圖\中興logo\nchu\nchu.cpp(377): warning C4244: '引數' : 將 'double' 轉換為 'GLfloat'，由於類型不同，可能導致資料遺失
     1>c:\users\user\desktop\雜項\作業\成圖\中興logo\nchu\nchu.cpp(378): warning C4305: '引數' : 從 'double' 轉換為 'GLfloat'，是由較大的類型轉換為較小的類型，可能導致資料遺失
     1>c:\users\user\desktop\雜項\作業\成圖\中興logo\nchu\nchu.cpp(378): warning C4244: '引數' : 將 'double' 轉換為 'GLfloat'，由於類型不同，可能導致資料遺失
     1>c:\users\user\desktop\雜項\作業\成圖\中興logo\nchu\nchu.cpp(380): warning C4305: '引數' : 從 'double' 轉換為 'GLfloat'，是由較大的類型轉換為較小的類型，可能導致資料遺失
     1>c:\users\user\desktop\雜項\作業\成圖\中興logo\nchu\nchu.cpp(380): warning C4244: '引數' : 將 'double' 轉換為 'GLfloat'，由於類型不同，可能導致資料遺失
     1>c:\users\user\desktop\雜項\作業\成圖\中興logo\nchu\nchu.cpp(381): warning C4305: '引數' : 從 'double' 轉換為 'GLfloat'，是由較大的類型轉換為較小的類型，可能導致資料遺失
     1>c:\users\user\desktop\雜項\作業\成圖\中興logo\nchu\nchu.cpp(381): warning C4244: '引數' : 將 'double' 轉換為 'GLfloat'，由於類型不同，可能導致資料遺失
     1>c:\users\user\desktop\雜項\作業\成圖\中興logo\nchu\nchu.cpp(382): warning C4305: '引數' : 從 'double' 轉換為 'GLfloat'，是由較大的類型轉換為較小的類型，可能導致資料遺失
     1>c:\users\user\desktop\雜項\作業\成圖\中興logo\nchu\nchu.cpp(382): warning C4244: '引數' : 將 'double' 轉換為 'GLfloat'，由於類型不同，可能導致資料遺失
     1>c:\users\user\desktop\雜項\作業\成圖\中興logo\nchu\nchu.cpp(387): warning C4244: '引數' : 將 'int' 轉換為 'float'，由於類型不同，可能導致資料遺失
     1>c:\users\user\desktop\雜項\作業\成圖\中興logo\nchu\nchu.cpp(389): warning C4244: '引數' : 將 'int' 轉換為 'float'，由於類型不同，可能導致資料遺失
     1>c:\users\user\desktop\雜項\作業\成圖\中興logo\nchu\nchu.cpp(390): warning C4305: '引數' : 從 'double' 轉換為 'GLfloat'，是由較大的類型轉換為較小的類型，可能導致資料遺失
     1>c:\users\user\desktop\雜項\作業\成圖\中興logo\nchu\nchu.cpp(394): warning C4305: '引數' : 從 'double' 轉換為 'GLfloat'，是由較大的類型轉換為較小的類型，可能導致資料遺失
     1>c:\users\user\desktop\雜項\作業\成圖\中興logo\nchu\nchu.cpp(394): warning C4244: '引數' : 將 'double' 轉換為 'GLfloat'，由於類型不同，可能導致資料遺失
     1>c:\users\user\desktop\雜項\作業\成圖\中興logo\nchu\nchu.cpp(395): warning C4305: '引數' : 從 'double' 轉換為 'GLfloat'，是由較大的類型轉換為較小的類型，可能導致資料遺失
     1>c:\users\user\desktop\雜項\作業\成圖\中興logo\nchu\nchu.cpp(395): warning C4244: '引數' : 將 'double' 轉換為 'GLfloat'，由於類型不同，可能導致資料遺失
     1>c:\users\user\desktop\雜項\作業\成圖\中興logo\nchu\nchu.cpp(396): warning C4305: '引數' : 從 'double' 轉換為 'GLfloat'，是由較大的類型轉換為較小的類型，可能導致資料遺失
     1>c:\users\user\desktop\雜項\作業\成圖\中興logo\nchu\nchu.cpp(396): warning C4244: '引數' : 將 'double' 轉換為 'GLfloat'，由於類型不同，可能導致資料遺失
     1>c:\users\user\desktop\雜項\作業\成圖\中興logo\nchu\nchu.cpp(398): warning C4305: '引數' : 從 'double' 轉換為 'GLfloat'，是由較大的類型轉換為較小的類型，可能導致資料遺失
     1>c:\users\user\desktop\雜項\作業\成圖\中興logo\nchu\nchu.cpp(398): warning C4244: '引數' : 將 'double' 轉換為 'GLfloat'，由於類型不同，可能導致資料遺失
     1>c:\users\user\desktop\雜項\作業\成圖\中興logo\nchu\nchu.cpp(399): warning C4305: '引數' : 從 'double' 轉換為 'GLfloat'，是由較大的類型轉換為較小的類型，可能導致資料遺失
     1>c:\users\user\desktop\雜項\作業\成圖\中興logo\nchu\nchu.cpp(399): warning C4244: '引數' : 將 'double' 轉換為 'GLfloat'，由於類型不同，可能導致資料遺失
     1>c:\users\user\desktop\雜項\作業\成圖\中興logo\nchu\nchu.cpp(400): warning C4305: '引數' : 從 'double' 轉換為 'GLfloat'，是由較大的類型轉換為較小的類型，可能導致資料遺失
     1>c:\users\user\desktop\雜項\作業\成圖\中興logo\nchu\nchu.cpp(400): warning C4244: '引數' : 將 'double' 轉換為 'GLfloat'，由於類型不同，可能導致資料遺失
     1>c:\users\user\desktop\雜項\作業\成圖\中興logo\nchu\nchu.cpp(402): warning C4305: '引數' : 從 'double' 轉換為 'GLfloat'，是由較大的類型轉換為較小的類型，可能導致資料遺失
     1>c:\users\user\desktop\雜項\作業\成圖\中興logo\nchu\nchu.cpp(402): warning C4244: '引數' : 將 'double' 轉換為 'GLfloat'，由於類型不同，可能導致資料遺失
     1>c:\users\user\desktop\雜項\作業\成圖\中興logo\nchu\nchu.cpp(403): warning C4305: '引數' : 從 'double' 轉換為 'GLfloat'，是由較大的類型轉換為較小的類型，可能導致資料遺失
     1>c:\users\user\desktop\雜項\作業\成圖\中興logo\nchu\nchu.cpp(403): warning C4244: '引數' : 將 'double' 轉換為 'GLfloat'，由於類型不同，可能導致資料遺失
     1>c:\users\user\desktop\雜項\作業\成圖\中興logo\nchu\nchu.cpp(404): warning C4305: '引數' : 從 'double' 轉換為 'GLfloat'，是由較大的類型轉換為較小的類型，可能導致資料遺失
     1>c:\users\user\desktop\雜項\作業\成圖\中興logo\nchu\nchu.cpp(404): warning C4244: '引數' : 將 'double' 轉換為 'GLfloat'，由於類型不同，可能導致資料遺失
     1>c:\users\user\desktop\雜項\作業\成圖\中興logo\nchu\nchu.cpp(406): warning C4305: '引數' : 從 'double' 轉換為 'GLfloat'，是由較大的類型轉換為較小的類型，可能導致資料遺失
     1>c:\users\user\desktop\雜項\作業\成圖\中興logo\nchu\nchu.cpp(406): warning C4244: '引數' : 將 'double' 轉換為 'GLfloat'，由於類型不同，可能導致資料遺失
     1>c:\users\user\desktop\雜項\作業\成圖\中興logo\nchu\nchu.cpp(407): warning C4305: '引數' : 從 'double' 轉換為 'GLfloat'，是由較大的類型轉換為較小的類型，可能導致資料遺失
     1>c:\users\user\desktop\雜項\作業\成圖\中興logo\nchu\nchu.cpp(407): warning C4244: '引數' : 將 'double' 轉換為 'GLfloat'，由於類型不同，可能導致資料遺失
     1>c:\users\user\desktop\雜項\作業\成圖\中興logo\nchu\nchu.cpp(408): warning C4305: '引數' : 從 'double' 轉換為 'GLfloat'，是由較大的類型轉換為較小的類型，可能導致資料遺失
     1>c:\users\user\desktop\雜項\作業\成圖\中興logo\nchu\nchu.cpp(408): warning C4244: '引數' : 將 'double' 轉換為 'GLfloat'，由於類型不同，可能導致資料遺失
     1>c:\users\user\desktop\雜項\作業\成圖\中興logo\nchu\nchu.cpp(416): warning C4305: '引數' : 從 'double' 轉換為 'GLfloat'，是由較大的類型轉換為較小的類型，可能導致資料遺失
     1>c:\users\user\desktop\雜項\作業\成圖\中興logo\nchu\nchu.cpp(422): warning C4244: '引數' : 將 'int' 轉換為 'float'，由於類型不同，可能導致資料遺失
     1>c:\users\user\desktop\雜項\作業\成圖\中興logo\nchu\nchu.cpp(424): warning C4244: '引數' : 將 'int' 轉換為 'float'，由於類型不同，可能導致資料遺失
     1>c:\users\user\desktop\雜項\作業\成圖\中興logo\nchu\nchu.cpp(425): warning C4305: '引數' : 從 'double' 轉換為 'GLfloat'，是由較大的類型轉換為較小的類型，可能導致資料遺失
     1>c:\users\user\desktop\雜項\作業\成圖\中興logo\nchu\nchu.cpp(429): warning C4305: '引數' : 從 'double' 轉換為 'GLfloat'，是由較大的類型轉換為較小的類型，可能導致資料遺失
     1>c:\users\user\desktop\雜項\作業\成圖\中興logo\nchu\nchu.cpp(429): warning C4244: '引數' : 將 'double' 轉換為 'GLfloat'，由於類型不同，可能導致資料遺失
     1>c:\users\user\desktop\雜項\作業\成圖\中興logo\nchu\nchu.cpp(430): warning C4305: '引數' : 從 'double' 轉換為 'GLfloat'，是由較大的類型轉換為較小的類型，可能導致資料遺失
     1>c:\users\user\desktop\雜項\作業\成圖\中興logo\nchu\nchu.cpp(430): warning C4244: '引數' : 將 'double' 轉換為 'GLfloat'，由於類型不同，可能導致資料遺失
     1>c:\users\user\desktop\雜項\作業\成圖\中興logo\nchu\nchu.cpp(431): warning C4305: '引數' : 從 'double' 轉換為 'GLfloat'，是由較大的類型轉換為較小的類型，可能導致資料遺失
     1>c:\users\user\desktop\雜項\作業\成圖\中興logo\nchu\nchu.cpp(431): warning C4244: '引數' : 將 'double' 轉換為 'GLfloat'，由於類型不同，可能導致資料遺失
     1>c:\users\user\desktop\雜項\作業\成圖\中興logo\nchu\nchu.cpp(433): warning C4305: '引數' : 從 'double' 轉換為 'GLfloat'，是由較大的類型轉換為較小的類型，可能導致資料遺失
     1>c:\users\user\desktop\雜項\作業\成圖\中興logo\nchu\nchu.cpp(433): warning C4244: '引數' : 將 'double' 轉換為 'GLfloat'，由於類型不同，可能導致資料遺失
     1>c:\users\user\desktop\雜項\作業\成圖\中興logo\nchu\nchu.cpp(434): warning C4305: '引數' : 從 'double' 轉換為 'GLfloat'，是由較大的類型轉換為較小的類型，可能導致資料遺失
     1>c:\users\user\desktop\雜項\作業\成圖\中興logo\nchu\nchu.cpp(434): warning C4244: '引數' : 將 'double' 轉換為 'GLfloat'，由於類型不同，可能導致資料遺失
     1>c:\users\user\desktop\雜項\作業\成圖\中興logo\nchu\nchu.cpp(435): warning C4305: '引數' : 從 'double' 轉換為 'GLfloat'，是由較大的類型轉換為較小的類型，可能導致資料遺失
     1>c:\users\user\desktop\雜項\作業\成圖\中興logo\nchu\nchu.cpp(435): warning C4244: '引數' : 將 'double' 轉換為 'GLfloat'，由於類型不同，可能導致資料遺失
     1>c:\users\user\desktop\雜項\作業\成圖\中興logo\nchu\nchu.cpp(437): warning C4305: '引數' : 從 'double' 轉換為 'GLfloat'，是由較大的類型轉換為較小的類型，可能導致資料遺失
     1>c:\users\user\desktop\雜項\作業\成圖\中興logo\nchu\nchu.cpp(437): warning C4244: '引數' : 將 'double' 轉換為 'GLfloat'，由於類型不同，可能導致資料遺失
     1>c:\users\user\desktop\雜項\作業\成圖\中興logo\nchu\nchu.cpp(438): warning C4305: '引數' : 從 'double' 轉換為 'GLfloat'，是由較大的類型轉換為較小的類型，可能導致資料遺失
     1>c:\users\user\desktop\雜項\作業\成圖\中興logo\nchu\nchu.cpp(438): warning C4244: '引數' : 將 'double' 轉換為 'GLfloat'，由於類型不同，可能導致資料遺失
     1>c:\users\user\desktop\雜項\作業\成圖\中興logo\nchu\nchu.cpp(439): warning C4305: '引數' : 從 'double' 轉換為 'GLfloat'，是由較大的類型轉換為較小的類型，可能導致資料遺失
     1>c:\users\user\desktop\雜項\作業\成圖\中興logo\nchu\nchu.cpp(439): warning C4244: '引數' : 將 'double' 轉換為 'GLfloat'，由於類型不同，可能導致資料遺失
     1>c:\users\user\desktop\雜項\作業\成圖\中興logo\nchu\nchu.cpp(441): warning C4305: '引數' : 從 'double' 轉換為 'GLfloat'，是由較大的類型轉換為較小的類型，可能導致資料遺失
     1>c:\users\user\desktop\雜項\作業\成圖\中興logo\nchu\nchu.cpp(441): warning C4244: '引數' : 將 'double' 轉換為 'GLfloat'，由於類型不同，可能導致資料遺失
     1>c:\users\user\desktop\雜項\作業\成圖\中興logo\nchu\nchu.cpp(442): warning C4305: '引數' : 從 'double' 轉換為 'GLfloat'，是由較大的類型轉換為較小的類型，可能導致資料遺失
     1>c:\users\user\desktop\雜項\作業\成圖\中興logo\nchu\nchu.cpp(442): warning C4244: '引數' : 將 'double' 轉換為 'GLfloat'，由於類型不同，可能導致資料遺失
     1>c:\users\user\desktop\雜項\作業\成圖\中興logo\nchu\nchu.cpp(443): warning C4305: '引數' : 從 'double' 轉換為 'GLfloat'，是由較大的類型轉換為較小的類型，可能導致資料遺失
     1>c:\users\user\desktop\雜項\作業\成圖\中興logo\nchu\nchu.cpp(443): warning C4244: '引數' : 將 'double' 轉換為 'GLfloat'，由於類型不同，可能導致資料遺失
       Link:
         C:\Program Files (x86)\Microsoft Visual Studio 12.0\VC\bin\link.exe /ERRORREPORT:PROMPT /OUT:"C:\Users\user\Desktop\雜項\作業\成圖\中興logo\Debug\NCHU.exe" /INCREMENTAL /NOLOGO /LIBPATH:"C:\Users\user\Desktop\雜項\作業\成圖\中興logo\lib" freeglut.lib glew32.lib glew32s.lib kernel32.lib user32.lib gdi32.lib winspool.lib comdlg32.lib advapi32.lib shell32.lib ole32.lib oleaut32.lib uuid.lib odbc32.lib odbccp32.lib /MANIFEST /MANIFESTUAC:"level='asInvoker' uiAccess='false'" /manifest:embed /DEBUG /PDB:"C:\Users\user\Desktop\雜項\作業\成圖\中興logo\Debug\NCHU.pdb" /SUBSYSTEM:CONSOLE /TLBID:1 /DYNAMICBASE /NXCOMPAT /IMPLIB:"C:\Users\user\Desktop\雜項\作業\成圖\中興logo\Debug\NCHU.lib" /MACHINE:X86 Debug\NCHU.obj
         Debug\stdafx.obj
         NCHU.vcxproj -> C:\Users\user\Desktop\雜項\作業\成圖\中興logo\Debug\NCHU.exe
     1>專案 "C:\Users\user\Desktop\雜項\作業\成圖\中興logo\NCHU\NCHU.vcxproj" (Build 目標) 建置完成。

建置成功。

經過時間 00:00:06.22
